vti_encoding:SR|utf8-nl
vti_timelastmodified:TR|01 Jun 2005 02:14:50 -0000
vti_extenderversion:SR|6.0.2.5516
vti_cacheddtm:TX|22 Apr 2005 00:31:04 -0000
vti_filesize:IR|1164
vti_backlinkinfo:VX|
vti_modifiedby:SR|CENTRAL\\danzig
2005.06.25 18:47 B c:\projects\homepage\poems\_vti_cnf\blessed_wave.htm --> ftp.angelicdreams.com /danzig/poems/_vti_cnf blessed_wave.htm
2005.06.25 18:47 B c:\projects\homepage\poems\_vti_cnf\blue_quartz.htm --> ftp.angelicdreams.com /danzig/poems/_vti_cnf blue_quartz.htm
2005.06.25 18:47 B c:\projects\homepage\poems\_vti_cnf\choir.htm --> ftp.angelicdreams.com /danzig/poems/_vti_cnf choir.htm
2005.06.25 18:47 B c:\projects\homepage\poems\_vti_cnf\creation.htm --> ftp.angelicdreams.com /danzig/poems/_vti_cnf creation.htm
2005.06.25 18:47 B c:\projects\homepage\poems\_vti_cnf\distance.htm --> ftp.angelicdreams.com /danzig/poems/_vti_cnf distance.htm
2005.06.25 18:47 B c:\projects\homepage\poems\_vti_cnf\flapping.htm --> ftp.angelicdreams.com /danzig/poems/_vti_cnf flapping.htm
2005.06.25 18:47 B c:\projects\homepage\poems\_vti_cnf\ground.htm --> ftp.angelicdreams.com /danzig/poems/_vti_cnf ground.htm
2005.06.25 18:47 B c:\projects\homepage\poems\_vti_cnf\ivory.htm --> ftp.angelicdreams.com /danzig/poems/_vti_cnf ivory.htm
2005.06.25 18:47 B c:\projects\homepage\poems\_vti_cnf\mets_on_my_mind.htm --> ftp.angelicdreams.com /danzig/poems/_vti_cnf mets_on_my_mind.htm
2005.06.25 18:47 B c:\projects\homepage\poems\_vti_cnf\moon.htm --> ftp.angelicdreams.com /danzig/poems/_vti_cnf moon.htm
2005.06.25 18:47 B c:\projects\homepage\poems\_vti_cnf\mythical_treasure.htm --> ftp.angelicdreams.com /danzig/poems/_vti_cnf mythical_treasure.htm
2005.06.25 18:47 B c:\projects\homepage\poems\_vti_cnf\nutcase.htm --> ftp.angelicdreams.com /danzig/poems/_vti_cnf nutcase.htm
2005.06.25 18:47 B c:\projects\homepage\poems\_vti_cnf\resurrect.htm --> ftp.angelicdreams.com /danzig/poems/_vti_cnf resurrect.htm
2005.06.25 18:47 B c:\projects\homepage\poems\_vti_cnf\squirrel.htm --> ftp.angelicdreams.com /danzig/poems/_vti_cnf squirrel.htm
2005.06.25 18:47 B c:\projects\homepage\poems\_vti_cnf\weapon.htm --> ftp.angelicdreams.com /danzig/poems/_vti_cnf weapon.htm
