2005.06.26 14:20 B c:\projects\homepage\Munich\archaeology.htm <-- Westhost /var/www/html/danzig/Munich archaeology.htm
2005.06.26 14:20 B c:\projects\homepage\Munich\armbrust.htm <-- Westhost /var/www/html/danzig/Munich armbrust.htm
2005.06.26 14:20 B c:\projects\homepage\Munich\around_germany.htm <-- Westhost /var/www/html/danzig/Munich around_germany.htm
2005.06.26 14:20 B c:\projects\homepage\Munich\bavaria_statue.htm <-- Westhost /var/www/html/danzig/Munich bavaria_statue.htm
2005.06.26 14:20 B c:\projects\homepage\Munich\beer_tents.htm <-- Westhost /var/www/html/danzig/Munich beer_tents.htm
2005.06.26 14:20 B c:\projects\homepage\Munich\biergartens.htm <-- Westhost /var/www/html/danzig/Munich biergartens.htm
2005.06.26 14:20 B c:\projects\homepage\Munich\castle_tour.htm <-- Westhost /var/www/html/danzig/Munich castle_tour.htm
2005.06.26 14:20 B c:\projects\homepage\Munich\deutsches.htm <-- Westhost /var/www/html/danzig/Munich deutsches.htm
2005.06.26 14:20 B c:\projects\homepage\Munich\gardens.htm <-- Westhost /var/www/html/danzig/Munich gardens.htm
2005.06.26 14:20 B c:\projects\homepage\Munich\hacker.htm <-- Westhost /var/www/html/danzig/Munich hacker.htm
2005.06.26 14:20 B c:\projects\homepage\Munich\hofbrauhaus.htm <-- Westhost /var/www/html/danzig/Munich hofbrauhaus.htm
2005.06.26 14:20 B c:\projects\homepage\Munich\hunting_and_fishing.htm <-- Westhost /var/www/html/danzig/Munich hunting_and_fishing.htm
2005.06.26 14:20 B c:\projects\homepage\Munich\index.htm <-- Westhost /var/www/html/danzig/Munich index.htm
2005.06.26 14:20 B c:\projects\homepage\Munich\index.htm~ <-- Westhost /var/www/html/danzig/Munich index.htm~
2005.06.26 14:20 B c:\projects\homepage\Munich\marienplatz.htm <-- Westhost /var/www/html/danzig/Munich marienplatz.htm
2005.06.26 14:20 B c:\projects\homepage\Munich\mineralogy.htm <-- Westhost /var/www/html/danzig/Munich mineralogy.htm
2005.06.26 14:20 B c:\projects\homepage\Munich\museums.htm <-- Westhost /var/www/html/danzig/Munich museums.htm
2005.06.26 14:20 B c:\projects\homepage\Munich\oktoberfest.htm <-- Westhost /var/www/html/danzig/Munich oktoberfest.htm
2005.06.26 14:20 B c:\projects\homepage\Munich\rides.htm <-- Westhost /var/www/html/danzig/Munich rides.htm
2005.06.26 14:20 B c:\projects\homepage\Munich\sculpture.htm <-- Westhost /var/www/html/danzig/Munich sculpture.htm
2005.06.26 14:32 B c:\projects\homepage\Munich\archaeology.htm --> ftp.angelicdreams.com /danzig/Munich archaeology.htm
2005.06.26 14:32 B c:\projects\homepage\Munich\armbrust.htm --> ftp.angelicdreams.com /danzig/Munich armbrust.htm
2005.06.26 14:32 B c:\projects\homepage\Munich\around_germany.htm --> ftp.angelicdreams.com /danzig/Munich around_germany.htm
2005.06.26 14:32 B c:\projects\homepage\Munich\bavaria_statue.htm --> ftp.angelicdreams.com /danzig/Munich bavaria_statue.htm
2005.06.26 14:32 B c:\projects\homepage\Munich\beer_tents.htm --> ftp.angelicdreams.com /danzig/Munich beer_tents.htm
2005.06.26 14:32 B c:\projects\homepage\Munich\biergartens.htm --> ftp.angelicdreams.com /danzig/Munich biergartens.htm
2005.06.26 14:32 B c:\projects\homepage\Munich\castle_tour.htm --> ftp.angelicdreams.com /danzig/Munich castle_tour.htm
2005.06.26 14:32 B c:\projects\homepage\Munich\deutsches.htm --> ftp.angelicdreams.com /danzig/Munich deutsches.htm
2005.06.26 14:32 B c:\projects\homepage\Munich\gardens.htm --> ftp.angelicdreams.com /danzig/Munich gardens.htm
2005.06.26 14:32 B c:\projects\homepage\Munich\hacker.htm --> ftp.angelicdreams.com /danzig/Munich hacker.htm
2005.06.26 14:32 B c:\projects\homepage\Munich\hofbrauhaus.htm --> ftp.angelicdreams.com /danzig/Munich hofbrauhaus.htm
2005.06.26 14:32 B c:\projects\homepage\Munich\hunting_and_fishing.htm --> ftp.angelicdreams.com /danzig/Munich hunting_and_fishing.htm
2005.06.26 14:32 B c:\projects\homepage\Munich\index.htm --> ftp.angelicdreams.com /danzig/Munich index.htm
2005.06.26 14:32 B c:\projects\homepage\Munich\index.htm~ --> ftp.angelicdreams.com /danzig/Munich index.htm~
2005.06.26 14:32 B c:\projects\homepage\Munich\marienplatz.htm --> ftp.angelicdreams.com /danzig/Munich marienplatz.htm
2005.06.26 14:32 B c:\projects\homepage\Munich\mineralogy.htm --> ftp.angelicdreams.com /danzig/Munich mineralogy.htm
2005.06.26 14:32 B c:\projects\homepage\Munich\museums.htm --> ftp.angelicdreams.com /danzig/Munich museums.htm
2005.06.26 14:32 B c:\projects\homepage\Munich\oktoberfest.htm --> ftp.angelicdreams.com /danzig/Munich oktoberfest.htm
2005.06.26 14:32 B c:\projects\homepage\Munich\rides.htm --> ftp.angelicdreams.com /danzig/Munich rides.htm
2005.06.26 14:32 B c:\projects\homepage\Munich\sculpture.htm --> ftp.angelicdreams.com /danzig/Munich sculpture.htm
