2005.05.23 18:20 B c:\projects\homepage\images\house\bedroom_hallway.jpg --> angelicdreams.com /var/www/html/danzig/images/house bedroom_hallway.jpg
2005.05.23 18:20 B c:\projects\homepage\images\house\downstairs_lower.jpg --> angelicdreams.com /var/www/html/danzig/images/house downstairs_lower.jpg
2005.05.23 18:20 B c:\projects\homepage\images\house\first_floor_bathroom.jpg --> angelicdreams.com /var/www/html/danzig/images/house first_floor_bathroom.jpg
2005.05.23 18:20 B c:\projects\homepage\images\house\foyer.jpg --> angelicdreams.com /var/www/html/danzig/images/house foyer.jpg
2005.05.23 18:20 B c:\projects\homepage\images\house\great_room-pic1.jpg --> angelicdreams.com /var/www/html/danzig/images/house great_room-pic1.jpg
2005.05.23 18:20 B c:\projects\homepage\images\house\great_room-pic2.jpg --> angelicdreams.com /var/www/html/danzig/images/house great_room-pic2.jpg
2005.05.23 18:20 B c:\projects\homepage\images\house\guest_room-pic1.jpg --> angelicdreams.com /var/www/html/danzig/images/house guest_room-pic1.jpg
2005.05.23 18:20 B c:\projects\homepage\images\house\guest_room-pic2.jpg --> angelicdreams.com /var/www/html/danzig/images/house guest_room-pic2.jpg
2005.05.23 18:20 B c:\projects\homepage\images\house\house_and_car.jpg --> angelicdreams.com /var/www/html/danzig/images/house house_and_car.jpg
2005.05.23 18:20 B c:\projects\homepage\images\house\kitchen-pic1.jpg --> angelicdreams.com /var/www/html/danzig/images/house kitchen-pic1.jpg
2005.05.23 18:20 B c:\projects\homepage\images\house\kitchen-pic2.jpg --> angelicdreams.com /var/www/html/danzig/images/house kitchen-pic2.jpg
2005.05.23 18:20 B c:\projects\homepage\images\house\loft-pic1.jpg --> angelicdreams.com /var/www/html/danzig/images/house loft-pic1.jpg
2005.05.23 18:20 B c:\projects\homepage\images\house\loft-pic2.jpg --> angelicdreams.com /var/www/html/danzig/images/house loft-pic2.jpg
2005.05.23 18:20 B c:\projects\homepage\images\house\main_bathroom.jpg --> angelicdreams.com /var/www/html/danzig/images/house main_bathroom.jpg
2005.05.23 18:20 B c:\projects\homepage\images\house\master_bathroom.jpg --> angelicdreams.com /var/www/html/danzig/images/house master_bathroom.jpg
2005.05.23 18:20 B c:\projects\homepage\images\house\master_bedroom-pic1.jpg --> angelicdreams.com /var/www/html/danzig/images/house master_bedroom-pic1.jpg
2005.05.23 18:20 B c:\projects\homepage\images\house\master_bedroom-pic2.jpg --> angelicdreams.com /var/www/html/danzig/images/house master_bedroom-pic2.jpg
2005.05.23 18:20 B c:\projects\homepage\images\house\washer_and_dryer.jpg --> angelicdreams.com /var/www/html/danzig/images/house washer_and_dryer.jpg
2005.06.25 18:43 B c:\projects\homepage\images\house\bedroom_hallway.jpg --> ftp.angelicdreams.com /danzig/images/house bedroom_hallway.jpg
2005.06.25 18:43 B c:\projects\homepage\images\house\downstairs_lower.jpg --> ftp.angelicdreams.com /danzig/images/house downstairs_lower.jpg
2005.06.25 18:43 B c:\projects\homepage\images\house\first_floor_bathroom.jpg --> ftp.angelicdreams.com /danzig/images/house first_floor_bathroom.jpg
2005.06.25 18:43 B c:\projects\homepage\images\house\foyer.jpg --> ftp.angelicdreams.com /danzig/images/house foyer.jpg
2005.06.25 18:43 B c:\projects\homepage\images\house\great_room-pic1.jpg --> ftp.angelicdreams.com /danzig/images/house great_room-pic1.jpg
2005.06.25 18:43 B c:\projects\homepage\images\house\great_room-pic2.jpg --> ftp.angelicdreams.com /danzig/images/house great_room-pic2.jpg
2005.06.25 18:43 B c:\projects\homepage\images\house\guest_room-pic1.jpg --> ftp.angelicdreams.com /danzig/images/house guest_room-pic1.jpg
2005.06.25 18:43 B c:\projects\homepage\images\house\guest_room-pic2.jpg --> ftp.angelicdreams.com /danzig/images/house guest_room-pic2.jpg
2005.06.25 18:44 B c:\projects\homepage\images\house\house_and_car.jpg --> ftp.angelicdreams.com /danzig/images/house house_and_car.jpg
2005.06.25 18:44 B c:\projects\homepage\images\house\kitchen-pic1.jpg --> ftp.angelicdreams.com /danzig/images/house kitchen-pic1.jpg
2005.06.25 18:44 B c:\projects\homepage\images\house\kitchen-pic2.jpg --> ftp.angelicdreams.com /danzig/images/house kitchen-pic2.jpg
2005.06.25 18:44 B c:\projects\homepage\images\house\loft-pic1.jpg --> ftp.angelicdreams.com /danzig/images/house loft-pic1.jpg
2005.06.25 18:44 B c:\projects\homepage\images\house\loft-pic2.jpg --> ftp.angelicdreams.com /danzig/images/house loft-pic2.jpg
2005.06.25 18:44 B c:\projects\homepage\images\house\main_bathroom.jpg --> ftp.angelicdreams.com /danzig/images/house main_bathroom.jpg
2005.06.25 18:44 B c:\projects\homepage\images\house\master_bathroom.jpg --> ftp.angelicdreams.com /danzig/images/house master_bathroom.jpg
2005.06.25 18:44 B c:\projects\homepage\images\house\master_bedroom-pic1.jpg --> ftp.angelicdreams.com /danzig/images/house master_bedroom-pic1.jpg
2005.06.25 18:44 B c:\projects\homepage\images\house\master_bedroom-pic2.jpg --> ftp.angelicdreams.com /danzig/images/house master_bedroom-pic2.jpg
2005.06.25 18:44 B c:\projects\homepage\images\house\washer_and_dryer.jpg --> ftp.angelicdreams.com /danzig/images/house washer_and_dryer.jpg
