2007.06.30 15:25 B c:\projects\homepage\Italy\images\rome\_vti_cnf\crypt.jpg --> ftp.angelicdreams.com /danzig/Italy/images/rome/_vti_cnf crypt.jpg
2007.06.30 15:25 B c:\projects\homepage\Italy\images\rome\_vti_cnf\HPIM0069.JPG --> ftp.angelicdreams.com /danzig/Italy/images/rome/_vti_cnf HPIM0069.JPG
2007.06.30 15:25 B c:\projects\homepage\Italy\images\rome\_vti_cnf\HPIM0074.JPG --> ftp.angelicdreams.com /danzig/Italy/images/rome/_vti_cnf HPIM0074.JPG
2007.06.30 15:25 B c:\projects\homepage\Italy\images\rome\_vti_cnf\HPIM0076.JPG --> ftp.angelicdreams.com /danzig/Italy/images/rome/_vti_cnf HPIM0076.JPG
2007.06.30 15:25 B c:\projects\homepage\Italy\images\rome\_vti_cnf\HPIM0077.JPG --> ftp.angelicdreams.com /danzig/Italy/images/rome/_vti_cnf HPIM0077.JPG
2007.06.30 15:26 B c:\projects\homepage\Italy\images\rome\_vti_cnf\HPIM0078.JPG --> ftp.angelicdreams.com /danzig/Italy/images/rome/_vti_cnf HPIM0078.JPG
2007.06.30 15:26 B c:\projects\homepage\Italy\images\rome\_vti_cnf\HPIM0080.JPG --> ftp.angelicdreams.com /danzig/Italy/images/rome/_vti_cnf HPIM0080.JPG
2007.06.30 15:26 B c:\projects\homepage\Italy\images\rome\_vti_cnf\HPIM0081.JPG --> ftp.angelicdreams.com /danzig/Italy/images/rome/_vti_cnf HPIM0081.JPG
2007.06.30 15:26 B c:\projects\homepage\Italy\images\rome\_vti_cnf\HPIM0084.JPG --> ftp.angelicdreams.com /danzig/Italy/images/rome/_vti_cnf HPIM0084.JPG
2007.06.30 15:26 B c:\projects\homepage\Italy\images\rome\_vti_cnf\HPIM0086.JPG --> ftp.angelicdreams.com /danzig/Italy/images/rome/_vti_cnf HPIM0086.JPG
2007.06.30 15:26 B c:\projects\homepage\Italy\images\rome\_vti_cnf\HPIM0088.JPG --> ftp.angelicdreams.com /danzig/Italy/images/rome/_vti_cnf HPIM0088.JPG
2007.06.30 15:26 B c:\projects\homepage\Italy\images\rome\_vti_cnf\HPIM0091.JPG --> ftp.angelicdreams.com /danzig/Italy/images/rome/_vti_cnf HPIM0091.JPG
2007.06.30 15:26 B c:\projects\homepage\Italy\images\rome\_vti_cnf\HPIM0092.JPG --> ftp.angelicdreams.com /danzig/Italy/images/rome/_vti_cnf HPIM0092.JPG
2007.06.30 15:26 B c:\projects\homepage\Italy\images\rome\_vti_cnf\HPIM0093.JPG --> ftp.angelicdreams.com /danzig/Italy/images/rome/_vti_cnf HPIM0093.JPG
2007.06.30 15:26 B c:\projects\homepage\Italy\images\rome\_vti_cnf\HPIM0097.JPG --> ftp.angelicdreams.com /danzig/Italy/images/rome/_vti_cnf HPIM0097.JPG
2007.06.30 15:26 B c:\projects\homepage\Italy\images\rome\_vti_cnf\HPIM0100.JPG --> ftp.angelicdreams.com /danzig/Italy/images/rome/_vti_cnf HPIM0100.JPG
2007.06.30 15:26 B c:\projects\homepage\Italy\images\rome\_vti_cnf\HPIM0101.JPG --> ftp.angelicdreams.com /danzig/Italy/images/rome/_vti_cnf HPIM0101.JPG
2007.06.30 15:26 B c:\projects\homepage\Italy\images\rome\_vti_cnf\HPIM0103.JPG --> ftp.angelicdreams.com /danzig/Italy/images/rome/_vti_cnf HPIM0103.JPG
2007.06.30 15:26 B c:\projects\homepage\Italy\images\rome\_vti_cnf\HPIM0104.JPG --> ftp.angelicdreams.com /danzig/Italy/images/rome/_vti_cnf HPIM0104.JPG
2007.06.30 15:26 B c:\projects\homepage\Italy\images\rome\_vti_cnf\HPIM0107.JPG --> ftp.angelicdreams.com /danzig/Italy/images/rome/_vti_cnf HPIM0107.JPG
2007.06.30 15:26 B c:\projects\homepage\Italy\images\rome\_vti_cnf\HPIM0114.JPG --> ftp.angelicdreams.com /danzig/Italy/images/rome/_vti_cnf HPIM0114.JPG
2007.06.30 15:26 B c:\projects\homepage\Italy\images\rome\_vti_cnf\HPIM0116.JPG --> ftp.angelicdreams.com /danzig/Italy/images/rome/_vti_cnf HPIM0116.JPG
2007.06.30 15:26 B c:\projects\homepage\Italy\images\rome\_vti_cnf\HPIM0119.JPG --> ftp.angelicdreams.com /danzig/Italy/images/rome/_vti_cnf HPIM0119.JPG
2007.06.30 15:26 B c:\projects\homepage\Italy\images\rome\_vti_cnf\IMG_2296.JPG --> ftp.angelicdreams.com /danzig/Italy/images/rome/_vti_cnf IMG_2296.JPG
2007.06.30 15:26 B c:\projects\homepage\Italy\images\rome\_vti_cnf\IMG_2297.JPG --> ftp.angelicdreams.com /danzig/Italy/images/rome/_vti_cnf IMG_2297.JPG
2007.06.30 15:26 B c:\projects\homepage\Italy\images\rome\_vti_cnf\IMG_2299.JPG --> ftp.angelicdreams.com /danzig/Italy/images/rome/_vti_cnf IMG_2299.JPG
2007.06.30 15:26 B c:\projects\homepage\Italy\images\rome\_vti_cnf\IMG_2300.JPG --> ftp.angelicdreams.com /danzig/Italy/images/rome/_vti_cnf IMG_2300.JPG
2007.06.30 15:26 B c:\projects\homepage\Italy\images\rome\_vti_cnf\IMG_2302.JPG --> ftp.angelicdreams.com /danzig/Italy/images/rome/_vti_cnf IMG_2302.JPG
2007.06.30 15:26 B c:\projects\homepage\Italy\images\rome\_vti_cnf\IMG_2304.JPG --> ftp.angelicdreams.com /danzig/Italy/images/rome/_vti_cnf IMG_2304.JPG
2007.06.30 15:26 B c:\projects\homepage\Italy\images\rome\_vti_cnf\IMG_2305.JPG --> ftp.angelicdreams.com /danzig/Italy/images/rome/_vti_cnf IMG_2305.JPG
2007.06.30 15:26 B c:\projects\homepage\Italy\images\rome\_vti_cnf\IMG_2306.JPG --> ftp.angelicdreams.com /danzig/Italy/images/rome/_vti_cnf IMG_2306.JPG
2007.06.30 15:26 B c:\projects\homepage\Italy\images\rome\_vti_cnf\IMG_2315.JPG --> ftp.angelicdreams.com /danzig/Italy/images/rome/_vti_cnf IMG_2315.JPG
2007.06.30 15:26 B c:\projects\homepage\Italy\images\rome\_vti_cnf\IMG_2316.JPG --> ftp.angelicdreams.com /danzig/Italy/images/rome/_vti_cnf IMG_2316.JPG
2007.06.30 15:26 B c:\projects\homepage\Italy\images\rome\_vti_cnf\IMG_2317.JPG --> ftp.angelicdreams.com /danzig/Italy/images/rome/_vti_cnf IMG_2317.JPG
2007.06.30 15:26 B c:\projects\homepage\Italy\images\rome\_vti_cnf\IMG_2318.JPG --> ftp.angelicdreams.com /danzig/Italy/images/rome/_vti_cnf IMG_2318.JPG
2007.06.30 15:26 B c:\projects\homepage\Italy\images\rome\_vti_cnf\IMG_2319.JPG --> ftp.angelicdreams.com /danzig/Italy/images/rome/_vti_cnf IMG_2319.JPG
2007.06.30 15:26 B c:\projects\homepage\Italy\images\rome\_vti_cnf\IMG_2320.JPG --> ftp.angelicdreams.com /danzig/Italy/images/rome/_vti_cnf IMG_2320.JPG
2007.06.30 15:26 B c:\projects\homepage\Italy\images\rome\_vti_cnf\IMG_2322.JPG --> ftp.angelicdreams.com /danzig/Italy/images/rome/_vti_cnf IMG_2322.JPG
2007.06.30 15:26 B c:\projects\homepage\Italy\images\rome\_vti_cnf\IMG_2323.JPG --> ftp.angelicdreams.com /danzig/Italy/images/rome/_vti_cnf IMG_2323.JPG
2007.06.30 15:26 B c:\projects\homepage\Italy\images\rome\_vti_cnf\IMG_2327.JPG --> ftp.angelicdreams.com /danzig/Italy/images/rome/_vti_cnf IMG_2327.JPG
2007.06.30 15:26 B c:\projects\homepage\Italy\images\rome\_vti_cnf\IMG_2329.JPG --> ftp.angelicdreams.com /danzig/Italy/images/rome/_vti_cnf IMG_2329.JPG
2007.06.30 15:26 B c:\projects\homepage\Italy\images\rome\_vti_cnf\IMG_2330.JPG --> ftp.angelicdreams.com /danzig/Italy/images/rome/_vti_cnf IMG_2330.JPG
2007.06.30 15:26 B c:\projects\homepage\Italy\images\rome\_vti_cnf\IMG_2331.JPG --> ftp.angelicdreams.com /danzig/Italy/images/rome/_vti_cnf IMG_2331.JPG
2007.06.30 15:26 B c:\projects\homepage\Italy\images\rome\_vti_cnf\IMG_2335.JPG --> ftp.angelicdreams.com /danzig/Italy/images/rome/_vti_cnf IMG_2335.JPG
2007.06.30 15:26 B c:\projects\homepage\Italy\images\rome\_vti_cnf\IMG_2340.JPG --> ftp.angelicdreams.com /danzig/Italy/images/rome/_vti_cnf IMG_2340.JPG
2007.06.30 15:26 B c:\projects\homepage\Italy\images\rome\_vti_cnf\IMG_2341.JPG --> ftp.angelicdreams.com /danzig/Italy/images/rome/_vti_cnf IMG_2341.JPG
2007.06.30 15:26 B c:\projects\homepage\Italy\images\rome\_vti_cnf\IMG_2347.JPG --> ftp.angelicdreams.com /danzig/Italy/images/rome/_vti_cnf IMG_2347.JPG
2007.06.30 15:26 B c:\projects\homepage\Italy\images\rome\_vti_cnf\IMG_2352.JPG --> ftp.angelicdreams.com /danzig/Italy/images/rome/_vti_cnf IMG_2352.JPG
2007.06.30 15:26 B c:\projects\homepage\Italy\images\rome\_vti_cnf\IMG_2353.JPG --> ftp.angelicdreams.com /danzig/Italy/images/rome/_vti_cnf IMG_2353.JPG
2007.06.30 15:26 B c:\projects\homepage\Italy\images\rome\_vti_cnf\IMG_2354.JPG --> ftp.angelicdreams.com /danzig/Italy/images/rome/_vti_cnf IMG_2354.JPG
2007.06.30 15:26 B c:\projects\homepage\Italy\images\rome\_vti_cnf\IMG_2355.JPG --> ftp.angelicdreams.com /danzig/Italy/images/rome/_vti_cnf IMG_2355.JPG
2007.06.30 15:26 B c:\projects\homepage\Italy\images\rome\_vti_cnf\IMG_2356.JPG --> ftp.angelicdreams.com /danzig/Italy/images/rome/_vti_cnf IMG_2356.JPG
2007.06.30 15:26 B c:\projects\homepage\Italy\images\rome\_vti_cnf\IMG_2357.JPG --> ftp.angelicdreams.com /danzig/Italy/images/rome/_vti_cnf IMG_2357.JPG
2007.06.30 15:26 B c:\projects\homepage\Italy\images\rome\_vti_cnf\IMG_2358.JPG --> ftp.angelicdreams.com /danzig/Italy/images/rome/_vti_cnf IMG_2358.JPG
2007.06.30 15:26 B c:\projects\homepage\Italy\images\rome\_vti_cnf\IMG_2360.JPG --> ftp.angelicdreams.com /danzig/Italy/images/rome/_vti_cnf IMG_2360.JPG
2007.06.30 15:26 B c:\projects\homepage\Italy\images\rome\_vti_cnf\IMG_2361.JPG --> ftp.angelicdreams.com /danzig/Italy/images/rome/_vti_cnf IMG_2361.JPG
2007.06.30 15:26 B c:\projects\homepage\Italy\images\rome\_vti_cnf\IMG_2407.JPG --> ftp.angelicdreams.com /danzig/Italy/images/rome/_vti_cnf IMG_2407.JPG
2007.06.30 15:26 B c:\projects\homepage\Italy\images\rome\_vti_cnf\IMG_2408.JPG --> ftp.angelicdreams.com /danzig/Italy/images/rome/_vti_cnf IMG_2408.JPG
2007.06.30 15:26 B c:\projects\homepage\Italy\images\rome\_vti_cnf\IMG_2409.JPG --> ftp.angelicdreams.com /danzig/Italy/images/rome/_vti_cnf IMG_2409.JPG
2007.06.30 15:26 B c:\projects\homepage\Italy\images\rome\_vti_cnf\IMG_2414.JPG --> ftp.angelicdreams.com /danzig/Italy/images/rome/_vti_cnf IMG_2414.JPG
2007.06.30 15:26 B c:\projects\homepage\Italy\images\rome\_vti_cnf\IMG_2423.JPG --> ftp.angelicdreams.com /danzig/Italy/images/rome/_vti_cnf IMG_2423.JPG
2007.06.30 15:26 B c:\projects\homepage\Italy\images\rome\_vti_cnf\IMG_2424.JPG --> ftp.angelicdreams.com /danzig/Italy/images/rome/_vti_cnf IMG_2424.JPG
2007.06.30 15:26 B c:\projects\homepage\Italy\images\rome\_vti_cnf\IMG_2427.JPG --> ftp.angelicdreams.com /danzig/Italy/images/rome/_vti_cnf IMG_2427.JPG
2007.06.30 15:26 B c:\projects\homepage\Italy\images\rome\_vti_cnf\IMG_2430.JPG --> ftp.angelicdreams.com /danzig/Italy/images/rome/_vti_cnf IMG_2430.JPG
2007.06.30 15:26 B c:\projects\homepage\Italy\images\rome\_vti_cnf\IMG_2431.JPG --> ftp.angelicdreams.com /danzig/Italy/images/rome/_vti_cnf IMG_2431.JPG
2007.06.30 15:26 B c:\projects\homepage\Italy\images\rome\_vti_cnf\IMG_2432.JPG --> ftp.angelicdreams.com /danzig/Italy/images/rome/_vti_cnf IMG_2432.JPG
2007.06.30 15:26 B c:\projects\homepage\Italy\images\rome\_vti_cnf\IMG_2434.JPG --> ftp.angelicdreams.com /danzig/Italy/images/rome/_vti_cnf IMG_2434.JPG
2007.06.30 15:26 B c:\projects\homepage\Italy\images\rome\_vti_cnf\IMG_2436.JPG --> ftp.angelicdreams.com /danzig/Italy/images/rome/_vti_cnf IMG_2436.JPG
2007.06.30 15:26 B c:\projects\homepage\Italy\images\rome\_vti_cnf\IMG_2437.JPG --> ftp.angelicdreams.com /danzig/Italy/images/rome/_vti_cnf IMG_2437.JPG
2007.06.30 15:26 B c:\projects\homepage\Italy\images\rome\_vti_cnf\IMG_2438.JPG --> ftp.angelicdreams.com /danzig/Italy/images/rome/_vti_cnf IMG_2438.JPG
2007.06.30 15:26 B c:\projects\homepage\Italy\images\rome\_vti_cnf\IMG_2439.JPG --> ftp.angelicdreams.com /danzig/Italy/images/rome/_vti_cnf IMG_2439.JPG
2007.06.30 15:26 B c:\projects\homepage\Italy\images\rome\_vti_cnf\IMG_2440.JPG --> ftp.angelicdreams.com /danzig/Italy/images/rome/_vti_cnf IMG_2440.JPG
2007.06.30 15:26 B c:\projects\homepage\Italy\images\rome\_vti_cnf\IMG_2441.JPG --> ftp.angelicdreams.com /danzig/Italy/images/rome/_vti_cnf IMG_2441.JPG
2007.06.30 15:26 B c:\projects\homepage\Italy\images\rome\_vti_cnf\IMG_2443.JPG --> ftp.angelicdreams.com /danzig/Italy/images/rome/_vti_cnf IMG_2443.JPG
2007.06.30 15:26 B c:\projects\homepage\Italy\images\rome\_vti_cnf\IMG_2445.JPG --> ftp.angelicdreams.com /danzig/Italy/images/rome/_vti_cnf IMG_2445.JPG
2007.06.30 15:26 B c:\projects\homepage\Italy\images\rome\_vti_cnf\IMG_2448.JPG --> ftp.angelicdreams.com /danzig/Italy/images/rome/_vti_cnf IMG_2448.JPG
2007.06.30 15:26 B c:\projects\homepage\Italy\images\rome\_vti_cnf\IMG_2450.JPG --> ftp.angelicdreams.com /danzig/Italy/images/rome/_vti_cnf IMG_2450.JPG
2007.06.30 15:26 B c:\projects\homepage\Italy\images\rome\_vti_cnf\IMG_2451.JPG --> ftp.angelicdreams.com /danzig/Italy/images/rome/_vti_cnf IMG_2451.JPG
2007.06.30 15:26 B c:\projects\homepage\Italy\images\rome\_vti_cnf\IMG_2452.JPG --> ftp.angelicdreams.com /danzig/Italy/images/rome/_vti_cnf IMG_2452.JPG
2007.06.30 15:26 B c:\projects\homepage\Italy\images\rome\_vti_cnf\IMG_2454.JPG --> ftp.angelicdreams.com /danzig/Italy/images/rome/_vti_cnf IMG_2454.JPG
2007.06.30 15:26 B c:\projects\homepage\Italy\images\rome\_vti_cnf\IMG_2455.JPG --> ftp.angelicdreams.com /danzig/Italy/images/rome/_vti_cnf IMG_2455.JPG
2007.06.30 15:26 B c:\projects\homepage\Italy\images\rome\_vti_cnf\IMG_2456.JPG --> ftp.angelicdreams.com /danzig/Italy/images/rome/_vti_cnf IMG_2456.JPG
2007.06.30 15:26 B c:\projects\homepage\Italy\images\rome\_vti_cnf\IMG_2458.JPG --> ftp.angelicdreams.com /danzig/Italy/images/rome/_vti_cnf IMG_2458.JPG
2007.06.30 15:26 B c:\projects\homepage\Italy\images\rome\_vti_cnf\IMG_2460.JPG --> ftp.angelicdreams.com /danzig/Italy/images/rome/_vti_cnf IMG_2460.JPG
2007.06.30 15:26 B c:\projects\homepage\Italy\images\rome\_vti_cnf\IMG_2461.JPG --> ftp.angelicdreams.com /danzig/Italy/images/rome/_vti_cnf IMG_2461.JPG
2007.06.30 15:26 B c:\projects\homepage\Italy\images\rome\_vti_cnf\IMG_2462.JPG --> ftp.angelicdreams.com /danzig/Italy/images/rome/_vti_cnf IMG_2462.JPG
2007.06.30 15:26 B c:\projects\homepage\Italy\images\rome\_vti_cnf\IMG_2463.JPG --> ftp.angelicdreams.com /danzig/Italy/images/rome/_vti_cnf IMG_2463.JPG
2007.06.30 15:26 B c:\projects\homepage\Italy\images\rome\_vti_cnf\IMG_2467.JPG --> ftp.angelicdreams.com /danzig/Italy/images/rome/_vti_cnf IMG_2467.JPG
2007.06.30 15:26 B c:\projects\homepage\Italy\images\rome\_vti_cnf\IMG_2469.JPG --> ftp.angelicdreams.com /danzig/Italy/images/rome/_vti_cnf IMG_2469.JPG
2007.06.30 15:26 B c:\projects\homepage\Italy\images\rome\_vti_cnf\IMG_2471.JPG --> ftp.angelicdreams.com /danzig/Italy/images/rome/_vti_cnf IMG_2471.JPG
2007.06.30 15:26 B c:\projects\homepage\Italy\images\rome\_vti_cnf\IMG_2472.JPG --> ftp.angelicdreams.com /danzig/Italy/images/rome/_vti_cnf IMG_2472.JPG
2007.06.30 15:26 B c:\projects\homepage\Italy\images\rome\_vti_cnf\IMG_2473.JPG --> ftp.angelicdreams.com /danzig/Italy/images/rome/_vti_cnf IMG_2473.JPG
2007.06.30 15:26 B c:\projects\homepage\Italy\images\rome\_vti_cnf\IMG_2475.JPG --> ftp.angelicdreams.com /danzig/Italy/images/rome/_vti_cnf IMG_2475.JPG
2007.06.30 15:26 B c:\projects\homepage\Italy\images\rome\_vti_cnf\IMG_2476.JPG --> ftp.angelicdreams.com /danzig/Italy/images/rome/_vti_cnf IMG_2476.JPG
2007.06.30 15:26 B c:\projects\homepage\Italy\images\rome\_vti_cnf\IMG_2478.JPG --> ftp.angelicdreams.com /danzig/Italy/images/rome/_vti_cnf IMG_2478.JPG
2007.06.30 15:26 B c:\projects\homepage\Italy\images\rome\_vti_cnf\IMG_2479.JPG --> ftp.angelicdreams.com /danzig/Italy/images/rome/_vti_cnf IMG_2479.JPG
2007.06.30 15:26 B c:\projects\homepage\Italy\images\rome\_vti_cnf\IMG_2480.JPG --> ftp.angelicdreams.com /danzig/Italy/images/rome/_vti_cnf IMG_2480.JPG
2007.06.30 15:26 B c:\projects\homepage\Italy\images\rome\_vti_cnf\IMG_2481.JPG --> ftp.angelicdreams.com /danzig/Italy/images/rome/_vti_cnf IMG_2481.JPG
2007.06.30 15:26 B c:\projects\homepage\Italy\images\rome\_vti_cnf\IMG_2482.JPG --> ftp.angelicdreams.com /danzig/Italy/images/rome/_vti_cnf IMG_2482.JPG
2007.06.30 15:26 B c:\projects\homepage\Italy\images\rome\_vti_cnf\IMG_2483.JPG --> ftp.angelicdreams.com /danzig/Italy/images/rome/_vti_cnf IMG_2483.JPG
2007.06.30 15:26 B c:\projects\homepage\Italy\images\rome\_vti_cnf\IMG_2484.JPG --> ftp.angelicdreams.com /danzig/Italy/images/rome/_vti_cnf IMG_2484.JPG
2007.06.30 15:26 B c:\projects\homepage\Italy\images\rome\_vti_cnf\IMG_2486.JPG --> ftp.angelicdreams.com /danzig/Italy/images/rome/_vti_cnf IMG_2486.JPG
2007.06.30 15:26 B c:\projects\homepage\Italy\images\rome\_vti_cnf\IMG_2487.JPG --> ftp.angelicdreams.com /danzig/Italy/images/rome/_vti_cnf IMG_2487.JPG
2007.06.30 15:26 B c:\projects\homepage\Italy\images\rome\_vti_cnf\IMG_2488.JPG --> ftp.angelicdreams.com /danzig/Italy/images/rome/_vti_cnf IMG_2488.JPG
2007.06.30 15:26 B c:\projects\homepage\Italy\images\rome\_vti_cnf\IMG_2490.JPG --> ftp.angelicdreams.com /danzig/Italy/images/rome/_vti_cnf IMG_2490.JPG
2007.06.30 15:26 B c:\projects\homepage\Italy\images\rome\_vti_cnf\IMG_2491.JPG --> ftp.angelicdreams.com /danzig/Italy/images/rome/_vti_cnf IMG_2491.JPG
2007.06.30 15:26 B c:\projects\homepage\Italy\images\rome\_vti_cnf\IMG_2496.JPG --> ftp.angelicdreams.com /danzig/Italy/images/rome/_vti_cnf IMG_2496.JPG
2007.06.30 15:26 B c:\projects\homepage\Italy\images\rome\_vti_cnf\IMG_2497.JPG --> ftp.angelicdreams.com /danzig/Italy/images/rome/_vti_cnf IMG_2497.JPG
2007.06.30 15:26 B c:\projects\homepage\Italy\images\rome\_vti_cnf\IMG_2498.JPG --> ftp.angelicdreams.com /danzig/Italy/images/rome/_vti_cnf IMG_2498.JPG
2007.06.30 15:26 B c:\projects\homepage\Italy\images\rome\_vti_cnf\IMG_2499.JPG --> ftp.angelicdreams.com /danzig/Italy/images/rome/_vti_cnf IMG_2499.JPG
2007.06.30 15:26 B c:\projects\homepage\Italy\images\rome\_vti_cnf\IMG_2500.JPG --> ftp.angelicdreams.com /danzig/Italy/images/rome/_vti_cnf IMG_2500.JPG
2007.06.30 15:26 B c:\projects\homepage\Italy\images\rome\_vti_cnf\IMG_2502.JPG --> ftp.angelicdreams.com /danzig/Italy/images/rome/_vti_cnf IMG_2502.JPG
2007.06.30 15:26 B c:\projects\homepage\Italy\images\rome\_vti_cnf\IMG_2503.JPG --> ftp.angelicdreams.com /danzig/Italy/images/rome/_vti_cnf IMG_2503.JPG
2007.06.30 15:26 B c:\projects\homepage\Italy\images\rome\_vti_cnf\IMG_2504.JPG --> ftp.angelicdreams.com /danzig/Italy/images/rome/_vti_cnf IMG_2504.JPG
2007.06.30 15:26 B c:\projects\homepage\Italy\images\rome\_vti_cnf\IMG_2505.JPG --> ftp.angelicdreams.com /danzig/Italy/images/rome/_vti_cnf IMG_2505.JPG
2007.06.30 15:26 B c:\projects\homepage\Italy\images\rome\_vti_cnf\IMG_2506.JPG --> ftp.angelicdreams.com /danzig/Italy/images/rome/_vti_cnf IMG_2506.JPG
2007.06.30 15:26 B c:\projects\homepage\Italy\images\rome\_vti_cnf\IMG_2507.JPG --> ftp.angelicdreams.com /danzig/Italy/images/rome/_vti_cnf IMG_2507.JPG
2007.06.30 15:31 B c:\projects\homepage\Italy\images\rome\_vti_cnf\IMG_2509.JPG --> ftp.angelicdreams.com /danzig/Italy/images/rome/_vti_cnf IMG_2509.JPG
2007.06.30 15:31 B c:\projects\homepage\Italy\images\rome\_vti_cnf\IMG_2510.JPG --> ftp.angelicdreams.com /danzig/Italy/images/rome/_vti_cnf IMG_2510.JPG
2007.06.30 15:31 B c:\projects\homepage\Italy\images\rome\_vti_cnf\IMG_2511.JPG --> ftp.angelicdreams.com /danzig/Italy/images/rome/_vti_cnf IMG_2511.JPG
2007.06.30 15:31 B c:\projects\homepage\Italy\images\rome\_vti_cnf\IMG_2512.JPG --> ftp.angelicdreams.com /danzig/Italy/images/rome/_vti_cnf IMG_2512.JPG
2007.06.30 15:31 B c:\projects\homepage\Italy\images\rome\_vti_cnf\IMG_2513.JPG --> ftp.angelicdreams.com /danzig/Italy/images/rome/_vti_cnf IMG_2513.JPG
2007.06.30 15:31 B c:\projects\homepage\Italy\images\rome\_vti_cnf\IMG_2515.JPG --> ftp.angelicdreams.com /danzig/Italy/images/rome/_vti_cnf IMG_2515.JPG
2007.06.30 15:31 B c:\projects\homepage\Italy\images\rome\_vti_cnf\IMG_2516.JPG --> ftp.angelicdreams.com /danzig/Italy/images/rome/_vti_cnf IMG_2516.JPG
2007.06.30 15:31 B c:\projects\homepage\Italy\images\rome\_vti_cnf\IMG_2517.JPG --> ftp.angelicdreams.com /danzig/Italy/images/rome/_vti_cnf IMG_2517.JPG
2007.06.30 15:31 B c:\projects\homepage\Italy\images\rome\_vti_cnf\IMG_2518.JPG --> ftp.angelicdreams.com /danzig/Italy/images/rome/_vti_cnf IMG_2518.JPG
2007.06.30 15:31 B c:\projects\homepage\Italy\images\rome\_vti_cnf\IMG_2520.JPG --> ftp.angelicdreams.com /danzig/Italy/images/rome/_vti_cnf IMG_2520.JPG
2007.06.30 15:31 B c:\projects\homepage\Italy\images\rome\_vti_cnf\IMG_2521.JPG --> ftp.angelicdreams.com /danzig/Italy/images/rome/_vti_cnf IMG_2521.JPG
2007.06.30 15:31 B c:\projects\homepage\Italy\images\rome\_vti_cnf\IMG_2522.JPG --> ftp.angelicdreams.com /danzig/Italy/images/rome/_vti_cnf IMG_2522.JPG
2007.06.30 15:31 B c:\projects\homepage\Italy\images\rome\_vti_cnf\IMG_2524.JPG --> ftp.angelicdreams.com /danzig/Italy/images/rome/_vti_cnf IMG_2524.JPG
2007.06.30 15:31 B c:\projects\homepage\Italy\images\rome\_vti_cnf\IMG_2525.JPG --> ftp.angelicdreams.com /danzig/Italy/images/rome/_vti_cnf IMG_2525.JPG
2007.06.30 15:31 B c:\projects\homepage\Italy\images\rome\_vti_cnf\IMG_2526.JPG --> ftp.angelicdreams.com /danzig/Italy/images/rome/_vti_cnf IMG_2526.JPG
2007.06.30 15:31 B c:\projects\homepage\Italy\images\rome\_vti_cnf\IMG_2527.JPG --> ftp.angelicdreams.com /danzig/Italy/images/rome/_vti_cnf IMG_2527.JPG
2007.06.30 15:31 B c:\projects\homepage\Italy\images\rome\_vti_cnf\IMG_2528.JPG --> ftp.angelicdreams.com /danzig/Italy/images/rome/_vti_cnf IMG_2528.JPG
2007.06.30 15:31 B c:\projects\homepage\Italy\images\rome\_vti_cnf\IMG_2529.JPG --> ftp.angelicdreams.com /danzig/Italy/images/rome/_vti_cnf IMG_2529.JPG
2007.06.30 15:31 B c:\projects\homepage\Italy\images\rome\_vti_cnf\IMG_2532.JPG --> ftp.angelicdreams.com /danzig/Italy/images/rome/_vti_cnf IMG_2532.JPG
2007.06.30 15:31 B c:\projects\homepage\Italy\images\rome\_vti_cnf\roman_on_cell.jpg --> ftp.angelicdreams.com /danzig/Italy/images/rome/_vti_cnf roman_on_cell.jpg
2007.06.30 15:31 B c:\projects\homepage\Italy\images\rome\_vti_cnf\STA_2342.JPG --> ftp.angelicdreams.com /danzig/Italy/images/rome/_vti_cnf STA_2342.JPG
