2004.12.15 02:07 A C:\projects\homepage\poems\creation.htm --> angelicdreams.com /var/www/html/danzig/poems creation.htm
2004.12.15 02:11 A C:\projects\homepage\poems\creation.htm --> angelicdreams.com /var/www/html/danzig/poems creation.htm
2004.12.15 21:23 A C:\projects\homepage\poems\creation.htm --> angelicdreams.com /var/www/html/danzig/poems creation.htm
2005.01.04 21:44 A C:\projects\homepage\poems\blue_quartz.htm --> angelicdreams.com /var/www/html/danzig/poems blue_quartz.htm
2005.02.04 17:25 A C:\projects\homepage\poems\mythical_treasure.htm --> angelicdreams.com /var/www/html/danzig/poems mythical_treasure.htm
2005.02.04 17:30 A C:\projects\homepage\poems\mythical_treasure.htm --> angelicdreams.com /var/www/html/danzig/poems mythical_treasure.htm
2005.04.21 20:15 A c:\projects\homepage\poems\blessed_wave.htm --> angelicdreams.com /var/www/html/danzig/poems blessed_wave.htm
2005.04.21 20:29 A c:\projects\homepage\poems\blessed_wave.htm --> angelicdreams.com /var/www/html/danzig/poems blessed_wave.htm
2005.04.21 20:31 A c:\projects\homepage\poems\blessed_wave.htm --> angelicdreams.com /var/www/html/danzig/poems blessed_wave.htm
2005.04.21 20:56 A C:\projects\homepage\poems\blessed_wave.htm --> angelicdreams.com /var/www/html/danzig/poems blessed_wave.htm
2005.04.21 20:57 A C:\projects\homepage\poems\blessed_wave.htm --> angelicdreams.com /var/www/html/danzig/poems blessed_wave.htm
2005.05.07 16:57 A C:\projects\homepage\poems\mets_on_my_mind.htm --> angelicdreams.com /var/www/html/danzig/poems mets_on_my_mind.htm
2005.05.07 17:02 A C:\projects\homepage\poems\blessed_wave.htm --> angelicdreams.com /var/www/html/danzig/poems blessed_wave.htm
2005.05.07 17:02 A C:\projects\homepage\poems\blue_quartz.htm --> angelicdreams.com /var/www/html/danzig/poems blue_quartz.htm
2005.05.07 17:02 A C:\projects\homepage\poems\choir.htm --> angelicdreams.com /var/www/html/danzig/poems choir.htm
2005.05.07 17:02 A C:\projects\homepage\poems\creation.htm --> angelicdreams.com /var/www/html/danzig/poems creation.htm
2005.05.07 17:02 A C:\projects\homepage\poems\distance.htm --> angelicdreams.com /var/www/html/danzig/poems distance.htm
2005.05.07 17:02 A C:\projects\homepage\poems\flapping.htm --> angelicdreams.com /var/www/html/danzig/poems flapping.htm
2005.05.07 17:02 A C:\projects\homepage\poems\ground.htm --> angelicdreams.com /var/www/html/danzig/poems ground.htm
2005.05.07 17:02 A C:\projects\homepage\poems\ivory.htm --> angelicdreams.com /var/www/html/danzig/poems ivory.htm
2005.05.07 17:02 A C:\projects\homepage\poems\moon.htm --> angelicdreams.com /var/www/html/danzig/poems moon.htm
2005.05.07 17:02 A C:\projects\homepage\poems\mythical_treasure.htm --> angelicdreams.com /var/www/html/danzig/poems mythical_treasure.htm
2005.05.07 17:02 A C:\projects\homepage\poems\nutcase.htm --> angelicdreams.com /var/www/html/danzig/poems nutcase.htm
2005.05.07 17:02 A C:\projects\homepage\poems\resurrect.htm --> angelicdreams.com /var/www/html/danzig/poems resurrect.htm
2005.05.07 17:02 A C:\projects\homepage\poems\squirrel.htm --> angelicdreams.com /var/www/html/danzig/poems squirrel.htm
2005.05.07 17:02 A C:\projects\homepage\poems\weapon.htm --> angelicdreams.com /var/www/html/danzig/poems weapon.htm
2005.05.31 22:14 B C:\projects\homepage\poems\blessed_wave.htm --> angelicdreams.com /var/www/html/danzig/poems blessed_wave.htm
2005.06.02 00:14 B C:\projects\homepage\poems\blessed_wave.htm --> angelicdreams.com /var/www/html/danzig/poems blessed_wave.htm
2005.06.25 18:47 B c:\projects\homepage\poems\blessed_wave.htm --> ftp.angelicdreams.com /danzig/poems blessed_wave.htm
2005.06.25 18:47 B c:\projects\homepage\poems\blue_quartz.htm --> ftp.angelicdreams.com /danzig/poems blue_quartz.htm
2005.06.25 18:47 B c:\projects\homepage\poems\choir.htm --> ftp.angelicdreams.com /danzig/poems choir.htm
2005.06.25 18:47 B c:\projects\homepage\poems\creation.htm --> ftp.angelicdreams.com /danzig/poems creation.htm
2005.06.25 18:47 B c:\projects\homepage\poems\distance.htm --> ftp.angelicdreams.com /danzig/poems distance.htm
2005.06.25 18:47 B c:\projects\homepage\poems\flapping.htm --> ftp.angelicdreams.com /danzig/poems flapping.htm
2005.06.25 18:47 B c:\projects\homepage\poems\ground.htm --> ftp.angelicdreams.com /danzig/poems ground.htm
2005.06.25 18:47 B c:\projects\homepage\poems\ivory.htm --> ftp.angelicdreams.com /danzig/poems ivory.htm
2005.06.25 18:47 B c:\projects\homepage\poems\mets_on_my_mind.htm --> ftp.angelicdreams.com /danzig/poems mets_on_my_mind.htm
2005.06.25 18:47 B c:\projects\homepage\poems\moon.htm --> ftp.angelicdreams.com /danzig/poems moon.htm
2005.06.25 18:47 B c:\projects\homepage\poems\mythical_treasure.htm --> ftp.angelicdreams.com /danzig/poems mythical_treasure.htm
2005.06.25 18:47 B c:\projects\homepage\poems\nutcase.htm --> ftp.angelicdreams.com /danzig/poems nutcase.htm
2005.06.25 18:47 B c:\projects\homepage\poems\resurrect.htm --> ftp.angelicdreams.com /danzig/poems resurrect.htm
2005.06.25 18:47 B c:\projects\homepage\poems\squirrel.htm --> ftp.angelicdreams.com /danzig/poems squirrel.htm
2005.06.25 18:47 B c:\projects\homepage\poems\weapon.htm --> ftp.angelicdreams.com /danzig/poems weapon.htm
