2003.09.11 21:17 A C:\projects\homepage\gallery\scott_at_work.htm --> angelicdreams.com /var/www/html/danzig/gallery scott_at_work.htm
2005.06.25 18:39 B c:\projects\homepage\gallery\angelbuckle.htm --> ftp.angelicdreams.com /danzig/gallery angelbuckle.htm
2005.06.25 18:39 B c:\projects\homepage\gallery\babypix.htm --> ftp.angelicdreams.com /danzig/gallery babypix.htm
2005.06.25 18:39 B c:\projects\homepage\gallery\bonsai_tree.htm --> ftp.angelicdreams.com /danzig/gallery bonsai_tree.htm
2005.06.25 18:39 B c:\projects\homepage\gallery\bowling_league_score.htm --> ftp.angelicdreams.com /danzig/gallery bowling_league_score.htm
2005.06.25 18:39 B c:\projects\homepage\gallery\coconut_cream_pie.htm --> ftp.angelicdreams.com /danzig/gallery coconut_cream_pie.htm
2005.06.25 18:39 B c:\projects\homepage\gallery\cruise.htm --> ftp.angelicdreams.com /danzig/gallery cruise.htm
2005.06.25 18:39 B c:\projects\homepage\gallery\disqualification.htm --> ftp.angelicdreams.com /danzig/gallery disqualification.htm
2005.06.25 18:39 B c:\projects\homepage\gallery\dragon.htm --> ftp.angelicdreams.com /danzig/gallery dragon.htm
2005.06.25 18:39 B c:\projects\homepage\gallery\duke.htm --> ftp.angelicdreams.com /danzig/gallery duke.htm
2005.06.25 18:39 B c:\projects\homepage\gallery\first_apartment.htm --> ftp.angelicdreams.com /danzig/gallery first_apartment.htm
2005.06.25 18:39 B c:\projects\homepage\gallery\house.htm --> ftp.angelicdreams.com /danzig/gallery house.htm
2005.06.25 18:39 B c:\projects\homepage\gallery\mom_grad.htm --> ftp.angelicdreams.com /danzig/gallery mom_grad.htm
2005.06.25 18:39 B c:\projects\homepage\gallery\moose.htm --> ftp.angelicdreams.com /danzig/gallery moose.htm
2005.06.25 18:39 B c:\projects\homepage\gallery\pinky.htm --> ftp.angelicdreams.com /danzig/gallery pinky.htm
2005.06.25 18:39 B c:\projects\homepage\gallery\scott_at_work.htm --> ftp.angelicdreams.com /danzig/gallery scott_at_work.htm
2005.06.25 18:39 B c:\projects\homepage\gallery\scott_grad.htm --> ftp.angelicdreams.com /danzig/gallery scott_grad.htm
2005.06.25 18:39 B c:\projects\homepage\gallery\setup.htm --> ftp.angelicdreams.com /danzig/gallery setup.htm
2005.06.25 18:39 B c:\projects\homepage\gallery\solara.htm --> ftp.angelicdreams.com /danzig/gallery solara.htm
2005.06.25 18:39 B c:\projects\homepage\gallery\stanley_cup.htm --> ftp.angelicdreams.com /danzig/gallery stanley_cup.htm
